#
# There is insufficient memory for the Java Runtime Environment to continue.
# Native memory allocation (mmap) failed to map 268435456 bytes for G1 virtual space
# Possible reasons:
#   The system is out of physical RAM or swap space
#   The process is running with CompressedOops enabled, and the Java Heap may be blocking the growth of the native heap
# Possible solutions:
#   Reduce memory load on the system
#   Increase physical memory or swap space
#   Check if swap backing store is full
#   Decrease Java heap size (-Xmx/-Xms)
#   Decrease number of Java threads
#   Decrease Java thread stack sizes (-Xss)
#   Set larger code cache with -XX:ReservedCodeCacheSize=
#   JVM is running with Zero Based Compressed Oops mode in which the Java heap is
#     placed in the first 32GB address space. The Java Heap base address is the
#     maximum limit for the native heap growth. Please use -XX:HeapBaseMinAddress
#     to set the Java Heap base and to place the Java Heap above 32GB virtual address.
# This output file may be truncated or incomplete.
#
#  Out of Memory Error (os_windows.cpp:3600), pid=10276, tid=19148
#
# JRE version:  (21.0+35) (build )
# Java VM: OpenJDK 64-Bit Server VM (21+35-2513, mixed mode, sharing, tiered, compressed oops, compressed class ptrs, g1 gc, windows-amd64)
# No core dump will be written. Minidumps are not enabled by default on client versions of Windows
#

---------------  S U M M A R Y ------------

Command Line: -Dfile.encoding=UTF-8 -Dstdout.encoding=UTF-8 -Dstderr.encoding=UTF-8 -XX:+ShowCodeDetailsInExceptionMessages banking.copy.BankingSystemMain

Host: Intel(R) Core(TM) i5-6400 CPU @ 2.70GHz, 4 cores, 15G,  Windows 10 , 64 bit Build 19041 (10.0.19041.3636)
Time: Wed Jun 19 18:03:24 2024  Windows 10 , 64 bit Build 19041 (10.0.19041.3636) elapsed time: 0.017546 seconds (0d 0h 0m 0s)

---------------  T H R E A D  ---------------

Current thread (0x0000012359d36160):  JavaThread "Unknown thread" [_thread_in_vm, id=19148, stack(0x00000019bb000000,0x00000019bb100000) (1024K)]

Stack: [0x00000019bb000000,0x00000019bb100000]
Native frames: (J=compiled Java code, j=interpreted, Vv=VM code, C=native code)
V  [jvm.dll+0x6c8d39]
V  [jvm.dll+0x854091]
V  [jvm.dll+0x85630e]
V  [jvm.dll+0x8569e3]
V  [jvm.dll+0x2809a6]
V  [jvm.dll+0x6c5425]
V  [jvm.dll+0x6b9e1a]
V  [jvm.dll+0x3555ba]
V  [jvm.dll+0x35d206]
V  [jvm.dll+0x3adf6e]
V  [jvm.dll+0x3ae218]
V  [jvm.dll+0x328fcc]
V  [jvm.dll+0x329b5b]
V  [jvm.dll+0x81c699]
V  [jvm.dll+0x3bb2a1]
V  [jvm.dll+0x805688]
V  [jvm.dll+0x44ed9e]
V  [jvm.dll+0x4506a1]
C  [jli.dll+0x52a3]
C  [ucrtbase.dll+0x21bb2]
C  [KERNEL32.DLL+0x17344]
C  [ntdll.dll+0x4cc91]


---------------  P R O C E S S  ---------------

Threads class SMR info:
_java_thread_list=0x00007ffc36967b48, length=0, elements={
}

Java Threads: ( => current thread )
Total: 0

Other Threads:
  0x000001235bf1ced0 WorkerThread "GC Thread#0"                     [id=14700, stack(0x00000019bb100000,0x00000019bb200000) (1024K)]
  0x000001235bf2f670 ConcurrentGCThread "G1 Main Marker"            [id=16448, stack(0x00000019bb200000,0x00000019bb300000) (1024K)]
  0x000001235bf30080 WorkerThread "G1 Conc#0"                       [id=16988, stack(0x00000019bb300000,0x00000019bb400000) (1024K)]

[error occurred during error reporting (printing all threads), id 0xc0000005, EXCEPTION_ACCESS_VIOLATION (0xc0000005) at pc=0x00007ffc360dc097]
VM state: not at safepoint (not fully initialized)

VM Mutex/Monitor currently owned by a thread:  ([mutex/lock_event])
[0x00007ffc369d8648] Heap_lock - owner thread: 0x0000012359d36160

Heap address: 0x0000000700a00000, size: 4086 MB, Compressed Oops mode: Zero based, Oop shift amount: 3

CDS archive(s) mapped at: [0x0000000000000000-0x0000000000000000-0x0000000000000000), size 0, SharedBaseAddress: 0x0000000800000000, ArchiveRelocationMode: 1.
Narrow klass base: 0x0000000000000000, Narrow klass shift: 0, Narrow klass range: 0x0

GC Precious Log:
 CardTable entry size: 512
 Card Set container configuration: InlinePtr #cards 4 size 8 Array Of Cards #cards 16 size 48 Howl #buckets 8 coarsen threshold 3686 Howl Bitmap #cards 512 size 80 coarsen threshold 460 Card regions per heap region 1 cards per card region 4096

Heap:
 garbage-first heap   total 0K, used 0K [0x0000000700a00000, 0x0000000800000000)
  region size 2048K, 0 young (0K), 0 survivors (0K)

[error occurred during error reporting (printing heap information), id 0xc0000005, EXCEPTION_ACCESS_VIOLATION (0xc0000005) at pc=0x00007ffc364c1939]
GC Heap History (0 events):
No events

Dll operation events (1 events):
Event: 0.012 Loaded shared library C:\01Developkits\jdk-21\bin\java.dll

Deoptimization events (0 events):
No events

Classes loaded (0 events):
No events

Classes unloaded (0 events):
No events

Classes redefined (0 events):
No events

Internal exceptions (0 events):
No events

ZGC Phase Switch (0 events):
No events

VM Operations (0 events):
No events

Events (0 events):
No events


Dynamic libraries:
0x00007ff67b4c0000 - 0x00007ff67b4ce000 	C:\01Developkits\jdk-21\bin\javaw.exe
0x00007ffca3350000 - 0x00007ffca3548000 	C:\Windows\SYSTEM32\ntdll.dll
0x00007ffca2890000 - 0x00007ffca294d000 	C:\Windows\System32\KERNEL32.DLL
0x00007ffca0c90000 - 0x00007ffca0f86000 	C:\Windows\System32\KERNELBASE.dll
0x00007ffca10b0000 - 0x00007ffca11b0000 	C:\Windows\System32\ucrtbase.dll
0x00007ffc9aaa0000 - 0x00007ffc9aab8000 	C:\01Developkits\jdk-21\bin\jli.dll
0x00007ffc9be80000 - 0x00007ffc9be9b000 	C:\01Developkits\jdk-21\bin\VCRUNTIME140.dll
0x00007ffca19d0000 - 0x00007ffca1b6f000 	C:\Windows\System32\USER32.dll
0x00007ffca0a10000 - 0x00007ffca0a32000 	C:\Windows\System32\win32u.dll
0x00007ffc93070000 - 0x00007ffc9330a000 	C:\Windows\WinSxS\amd64_microsoft.windows.common-controls_6595b64144ccf1df_6.0.19041.4355_none_60b8b9eb71f62e16\COMCTL32.dll
0x00007ffca1530000 - 0x00007ffca155b000 	C:\Windows\System32\GDI32.dll
0x00007ffca1ca0000 - 0x00007ffca1d3e000 	C:\Windows\System32\msvcrt.dll
0x00007ffca0f90000 - 0x00007ffca10a7000 	C:\Windows\System32\gdi32full.dll
0x00007ffca0a40000 - 0x00007ffca0add000 	C:\Windows\System32\msvcp_win.dll
0x00007ffca1b70000 - 0x00007ffca1b9f000 	C:\Windows\System32\IMM32.DLL
0x00007ffc9dee0000 - 0x00007ffc9deec000 	C:\01Developkits\jdk-21\bin\vcruntime140_1.dll
0x00007ffc95800000 - 0x00007ffc9588e000 	C:\01Developkits\jdk-21\bin\msvcp140.dll
0x00007ffc35da0000 - 0x00007ffc36ab3000 	C:\01Developkits\jdk-21\bin\server\jvm.dll
0x00007ffca29b0000 - 0x00007ffca2a60000 	C:\Windows\System32\ADVAPI32.dll
0x00007ffca2a70000 - 0x00007ffca2b10000 	C:\Windows\System32\sechost.dll
0x00007ffca2b10000 - 0x00007ffca2c33000 	C:\Windows\System32\RPCRT4.dll
0x00007ffca1360000 - 0x00007ffca1387000 	C:\Windows\System32\bcrypt.dll
0x00007ffca1d50000 - 0x00007ffca1dbb000 	C:\Windows\System32\WS2_32.dll
0x00007ffc914f0000 - 0x00007ffc91517000 	C:\Windows\SYSTEM32\WINMM.dll
0x00007ffca0860000 - 0x00007ffca08ab000 	C:\Windows\SYSTEM32\POWRPROF.dll
0x00007ffc9b1b0000 - 0x00007ffc9b1ba000 	C:\Windows\SYSTEM32\VERSION.dll
0x00007ffca0790000 - 0x00007ffca07a2000 	C:\Windows\SYSTEM32\UMPDC.dll
0x00007ffc9e8b0000 - 0x00007ffc9e8c2000 	C:\Windows\SYSTEM32\kernel.appcore.dll
0x00007ffc9bf80000 - 0x00007ffc9bf8a000 	C:\01Developkits\jdk-21\bin\jimage.dll
0x00007ffc86c10000 - 0x00007ffc86df4000 	C:\Windows\SYSTEM32\DBGHELP.DLL
0x00007ffc86bd0000 - 0x00007ffc86c04000 	C:\Windows\SYSTEM32\dbgcore.DLL
0x00007ffca0b50000 - 0x00007ffca0bd2000 	C:\Windows\System32\bcryptPrimitives.dll
0x00007ffc9aa80000 - 0x00007ffc9aa9f000 	C:\01Developkits\jdk-21\bin\java.dll

dbghelp: loaded successfully - version: 4.0.5 - missing functions: none
symbol engine: initialized successfully - sym options: 0x614 - pdb path: .;C:\01Developkits\jdk-21\bin;C:\Windows\SYSTEM32;C:\Windows\WinSxS\amd64_microsoft.windows.common-controls_6595b64144ccf1df_6.0.19041.4355_none_60b8b9eb71f62e16;C:\01Developkits\jdk-21\bin\server

VM Arguments:
jvm_args: -Dfile.encoding=UTF-8 -Dstdout.encoding=UTF-8 -Dstderr.encoding=UTF-8 -XX:+ShowCodeDetailsInExceptionMessages 
java_command: banking.copy.BankingSystemMain
java_class_path (initial): C:\02Workspaces\01Java\JavaConsoleBankPSY\bin
Launcher Type: SUN_STANDARD

[Global flags]
     intx CICompilerCount                          = 3                                         {product} {ergonomic}
     uint ConcGCThreads                            = 1                                         {product} {ergonomic}
     uint G1ConcRefinementThreads                  = 4                                         {product} {ergonomic}
   size_t G1HeapRegionSize                         = 2097152                                   {product} {ergonomic}
    uintx GCDrainStackTargetSize                   = 64                                        {product} {ergonomic}
   size_t InitialHeapSize                          = 268435456                                 {product} {ergonomic}
   size_t MarkStackSize                            = 4194304                                   {product} {ergonomic}
   size_t MaxHeapSize                              = 4284481536                                {product} {ergonomic}
   size_t MinHeapDeltaBytes                        = 2097152                                   {product} {ergonomic}
   size_t MinHeapSize                              = 8388608                                   {product} {ergonomic}
    uintx NonNMethodCodeHeapSize                   = 5832780                                {pd product} {ergonomic}
    uintx NonProfiledCodeHeapSize                  = 122912730                              {pd product} {ergonomic}
    uintx ProfiledCodeHeapSize                     = 122912730                              {pd product} {ergonomic}
    uintx ReservedCodeCacheSize                    = 251658240                              {pd product} {ergonomic}
     bool SegmentedCodeCache                       = true                                      {product} {ergonomic}
     bool ShowCodeDetailsInExceptionMessages       = true                                   {manageable} {command line}
   size_t SoftMaxHeapSize                          = 4284481536                             {manageable} {ergonomic}
     bool UseCompressedOops                        = true                           {product lp64_product} {ergonomic}
     bool UseG1GC                                  = true                                      {product} {ergonomic}
     bool UseLargePagesIndividualAllocation        = false                                  {pd product} {ergonomic}

Logging:
Log output configuration:
 #0: stdout all=warning uptime,level,tags foldmultilines=false
 #1: stderr all=off uptime,level,tags foldmultilines=false

Environment Variables:
JAVA_HOME=C:\01Developkits\jdk-21
PATH=C:/01Developkits/eclipse-2024-03//plugins/org.eclipse.justj.openjdk.hotspot.jre.full.win32.x86_64_17.0.10.v20240120-1143/jre/bin/server;C:/01Developkits/eclipse-2024-03//plugins/org.eclipse.justj.openjdk.hotspot.jre.full.win32.x86_64_17.0.10.v20240120-1143/jre/bin;C:\Users\TJ\Downloads\WINDOWS.X64_193000_db_home\bin;C:\Windows\system32;C:\Windows;C:\Windows\System32\Wbem;C:\Windows\System32\WindowsPowerShell\v1.0\;C:\Windows\System32\OpenSSH\;C:\Program Files\Bandizip\;C:\Program Files\nodejs\;C:\Program Files\Git\cmd;C:\01Developkits\jdk-21\bin;C:\Program Files\dotnet\;C:\Program Files (x86)\Windows Kits\10\Windows Performance Toolkit\;C:\Users\TJ\AppData\Local\Microsoft\WindowsApps;C:\Users\TJ\AppData\Local\Programs\Microsoft VS Code\bin;C:\Users\TJ\AppData\Roaming\npm;C:\Users\TJ\.dotnet\tools;C:\01Developkits\eclipse-2024-03;
USERNAME=TJ
OS=Windows_NT
PROCESSOR_IDENTIFIER=Intel64 Family 6 Model 94 Stepping 3, GenuineIntel
TMP=C:\Users\TJ\AppData\Local\Temp
TEMP=C:\Users\TJ\AppData\Local\Temp




---------------  S Y S T E M  ---------------

OS:
 Windows 10 , 64 bit Build 19041 (10.0.19041.3636)
OS uptime: 1 days 8:26 hours

CPU: total 4 (initial active 4) (4 cores per cpu, 1 threads per core) family 6 model 94 stepping 3 microcode 0xcc, cx8, cmov, fxsr, mmx, 3dnowpref, sse, sse2, sse3, ssse3, sse4.1, sse4.2, popcnt, lzcnt, tsc, tscinvbit, avx, avx2, aes, erms, clmul, bmi1, bmi2, adx, fma, vzeroupper, clflush, clflushopt, rdtscp, f16c
Processor Information for all 4 processors :
  Max Mhz: 2701, Current Mhz: 2701, Mhz Limit: 2701

Memory: 4k page, system-wide physical 16339M (8520M free)
TotalPageFile size 46786M (AvailPageFile size 34M)
current process WorkingSet (physical memory assigned to process): 10M, peak: 10M
current process commit charge ("private bytes"): 52M, peak: 307M

vm_info: OpenJDK 64-Bit Server VM (21+35-2513) for windows-amd64 JRE (21+35-2513), built on 2023-08-09T20:25:10Z by "mach5one" with MS VC++ 17.1 (VS2022)

END.
